<?xml version="1.0" encoding="UTF-8"?>
<!-- Generated by org.testng.reporters.JUnitReportReporter -->
<testsuite hostname="ubuntu-VirtualBox" failures="0" tests="1" name="ecom.selenium.tests.selenium.test.AppTest" time="0.024" errors="0" timestamp="2020-12-11T19:31:01 IST" skipped="0">
  <testcase classname="ecom.selenium.tests.selenium.test.AppTest" name="shouldAnswerWithTrue" time="0.024"/>
  <system-out/>
</testsuite> <!-- ecom.selenium.tests.selenium.test.AppTest -->
